<?xml version="1.0" encoding="UTF-8"?>
<!-- Generated by org.testng.reporters.JUnitReportReporter -->
<testsuite hostname="DESKTOP-1EOFUL1" failures="0" tests="1" name="com.hrms.testng.ut.Ex_WB_Testng" time="31.572" errors="0" timestamp="25 May 2022 17:53:33 GMT">
  <testcase classname="com.hrms.testng.ut.Ex_WB_Testng" name="alogin" time="31.572"/>
</testsuite> <!-- com.hrms.testng.ut.Ex_WB_Testng -->
