<?xml version="1.0" encoding="UTF-8"?>
<!-- Generated by org.testng.reporters.JUnitReportReporter -->
<testsuite hostname="DESKTOP-1EOFUL1" failures="0" tests="1" name="TestNG_Prog.Ex_WB_Testng" time="25.201" errors="0" timestamp="24 May 2022 05:52:33 GMT">
  <testcase classname="TestNG_Prog.Ex_WB_Testng" name="alogin" time="25.201"/>
</testsuite> <!-- TestNG_Prog.Ex_WB_Testng -->
