<?xml version="1.0" encoding="UTF-8"?>
<!-- Generated by org.testng.reporters.JUnitReportReporter -->
<testsuite hostname="DESKTOP-1EOFUL1" failures="0" tests="1" name="TestNG_Prog.TC_002_Retrive_link" time="9.641" errors="0" timestamp="24 May 2022 06:19:28 GMT">
  <testcase classname="TestNG_Prog.TC_002_Retrive_link" name="getlink" time="9.641"/>
</testsuite> <!-- TestNG_Prog.TC_002_Retrive_link -->
