<?xml version="1.0" encoding="UTF-8"?>
<!-- Generated by org.testng.reporters.JUnitReportReporter -->
<testsuite hostname="DESKTOP-1EOFUL1" failures="0" tests="2" name="TestNG_Prog.Example" time="0.030" errors="0" timestamp="22 May 2022 15:59:55 GMT">
  <testcase classname="TestNG_Prog.Example" name="logout" time="0.004"/>
  <testcase classname="TestNG_Prog.Example" name="login" time="0.026"/>
</testsuite> <!-- TestNG_Prog.Example -->
